<?xml version="1.0" encoding="utf-8"?>
<coverage line-rate="0.1945" branch-rate="0.12279999999999999" version="1.9" timestamp="1760784099" lines-covered="851" lines-valid="4374" branches-covered="235" branches-valid="1913">
  <sources>
    <source>C:\Users\faree\CascadeProjects\multitenant-app\sayp\</source>
  </sources>
  <packages>
    <package name="SayP.Application" line-rate="0.4796" branch-rate="0.3507" complexity="736">
      <classes>
        <class name="SayP.Application.Services.AICommandRouter" filename="SayP.Application\Services\AICommandRouter.cs" line-rate="0" branch-rate="0" complexity="71">
          <methods>
            <method name="BuildPrompt" signature="(System.String,System.String)" line-rate="0" branch-rate="0" complexity="2">
              <lines>
                <line number="106" hits="0" branch="False" />
                <line number="107" hits="0" branch="False" />
                <line number="110" hits="0" branch="False" />
                <line number="111" hits="0" branch="False" />
                <line number="112" hits="0" branch="False" />
                <line number="115" hits="0" branch="True" condition-coverage="0% (0/2)">
                  <conditions>
                    <condition number="74" type="jump" coverage="0%" />
                  </conditions>
                </line>
                <line number="116" hits="0" branch="False" />
                <line number="117" hits="0" branch="False" />
                <line number="118" hits="0" branch="False" />
                <line number="120" hits="0" branch="False" />
                <line number="121" hits="0" branch="False" />
                <line number="123" hits="0" branch="False" />
                <line number="124" hits="0" branch="False" />
              </lines>
            </method>
            <method name="ParseAIResponse" signature="(SayP.Domain.Interfaces.AICommandResult)" line-rate="0" branch-rate="0" complexity="68">
              <lines>
                <line number="127" hits="0" branch="False" />
                <line number="129" hits="0" branch="False" />
                <line number="130" hits="0" branch="False" />
                <line number="131" hits="0" branch="True" condition-coverage="0% (0/2)">
                  <conditions>
                    <condition number="19" type="jump" coverage="0%" />
                  </conditions>
                </line>
                <line number="132" hits="0" branch="False" />
                <line number="133" hits="0" branch="False" />
                <line number="136" hits="0" branch="False" />
                <line number="137" hits="0" branch="True" condition-coverage="0% (0/10)">
                  <conditions>
                    <condition number="51" type="jump" coverage="0%" />
                    <condition number="111" type="jump" coverage="0%" />
                    <condition number="187" type="jump" coverage="0%" />
                    <condition number="197" type="jump" coverage="0%" />
                    <condition number="272" type="jump" coverage="0%" />
                  </conditions>
                </line>
                <line number="140" hits="0" branch="True" condition-coverage="0% (0/2)">
                  <conditions>
                    <condition number="302" type="jump" coverage="0%" />
                  </conditions>
                </line>
                <line number="141" hits="0" branch="False" />
                <line number="142" hits="0" branch="True" condition-coverage="0% (0/10)">
                  <conditions>
                    <condition number="313" type="jump" coverage="0%" />
                    <condition number="373" type="jump" coverage="0%" />
                    <condition number="449" type="jump" coverage="0%" />
                    <condition number="459" type="jump" coverage="0%" />
                    <condition number="534" type="jump" coverage="0%" />
                  </conditions>
                </line>
                <line number="143" hits="0" branch="False" />
                <line number="144" hits="0" branch="False" />
                <line number="148" hits="0" branch="True" condition-coverage="0% (0/2)">
                  <conditions>
                    <condition number="606" type="jump" coverage="0%" />
                  </conditions>
                </line>
                <line number="149" hits="0" branch="False" />
                <line number="150" hits="0" branch="False" />
                <line number="151" hits="0" branch="False" />
                <line number="155" hits="0" branch="True" condition-coverage="0% (0/8)">
                  <conditions>
                    <condition number="658" type="jump" coverage="0%" />
                    <condition number="734" type="jump" coverage="0%" />
                    <condition number="744" type="jump" coverage="0%" />
                    <condition number="819" type="jump" coverage="0%" />
                  </conditions>
                </line>
                <line number="156" hits="0" branch="True" condition-coverage="0% (0/8)">
                  <conditions>
                    <condition number="834" type="jump" coverage="0%" />
                    <condition number="912" type="jump" coverage="0%" />
                    <condition number="988" type="jump" coverage="0%" />
                    <condition number="998" type="jump" coverage="0%" />
                  </conditions>
                </line>
                <line number="157" hits="0" branch="True" condition-coverage="0% (0/12)">
                  <conditions>
                    <condition number="1089" type="jump" coverage="0%" />
                    <condition number="1157" type="jump" coverage="0%" />
                    <condition number="1261" type="jump" coverage="0%" />
                    <condition number="1337" type="jump" coverage="0%" />
                    <condition number="1347" type="jump" coverage="0%" />
                    <condition number="1433" type="jump" coverage="0%" />
                  </conditions>
                </line>
                <line number="158" hits="0" branch="True" condition-coverage="0% (0/6)">
                  <conditions>
                    <condition number="1455" type="jump" coverage="0%" />
                    <condition number="1531" type="jump" coverage="0%" />
                    <condition number="1541" type="jump" coverage="0%" />
                  </conditions>
                </line>
                <line number="160" hits="0" branch="True" condition-coverage="0% (0/8)">
                  <conditions>
                    <condition number="1658" type="jump" coverage="0%" />
                    <condition number="1733" type="jump" coverage="0%" />
                    <condition number="1808" type="jump" coverage="0%" />
                    <condition number="1883" type="jump" coverage="0%" />
                  </conditions>
                </line>
                <line number="161" hits="0" branch="False" />
                <line number="162" hits="0" branch="False" />
                <line number="163" hits="0" branch="False" />
                <line number="164" hits="0" branch="False" />
                <line number="165" hits="0" branch="False" />
                <line number="166" hits="0" branch="False" />
                <line number="167" hits="0" branch="False" />
                <line number="168" hits="0" branch="False" />
                <line number="169" hits="0" branch="False" />
                <line number="170" hits="0" branch="False" />
                <line number="172" hits="0" branch="False" />
                <line number="173" hits="0" branch="False" />
                <line number="174" hits="0" branch="False" />
                <line number="175" hits="0" branch="False" />
                <line number="177" hits="0" branch="False" />
              </lines>
            </method>
            <method name=".ctor" signature="(SayP.Domain.Interfaces.IAIProvider,Microsoft.Extensions.Logging.ILogger`1&lt;SayP.Application.Services.AICommandRouter&gt;)" line-rate="0" branch-rate="1" complexity="1">
              <lines>
                <line number="55" hits="0" branch="False" />
                <line number="56" hits="0" branch="False" />
                <line number="57" hits="0" branch="False" />
                <line number="58" hits="0" branch="False" />
                <line number="59" hits="0" branch="False" />
                <line number="60" hits="0" branch="False" />
                <line number="61" hits="0" branch="False" />
              </lines>
            </method>
          </methods>
          <lines>
            <line number="106" hits="0" branch="False" />
            <line number="107" hits="0" branch="False" />
            <line number="110" hits="0" branch="False" />
            <line number="111" hits="0" branch="False" />
            <line number="112" hits="0" branch="False" />
            <line number="115" hits="0" branch="True" condition-coverage="0% (0/2)">
              <conditions>
                <condition number="74" type="jump" coverage="0%" />
              </conditions>
            </line>
            <line number="116" hits="0" branch="False" />
            <line number="117" hits="0" branch="False" />
            <line number="118" hits="0" branch="False" />
            <line number="120" hits="0" branch="False" />
            <line number="121" hits="0" branch="False" />
            <line number="123" hits="0" branch="False" />
            <line number="124" hits="0" branch="False" />
            <line number="127" hits="0" branch="False" />
            <line number="129" hits="0" branch="False" />
            <line number="130" hits="0" branch="False" />
            <line number="131" hits="0" branch="True" condition-coverage="0% (0/2)">
              <conditions>
                <condition number="19" type="jump" coverage="0%" />
              </conditions>
            </line>
            <line number="132" hits="0" branch="False" />
            <line number="133" hits="0" branch="False" />
            <line number="136" hits="0" branch="False" />
            <line number="137" hits="0" branch="True" condition-coverage="0% (0/10)">
              <conditions>
                <condition number="51" type="jump" coverage="0%" />
                <condition number="111" type="jump" coverage="0%" />
                <condition number="187" type="jump" coverage="0%" />
                <condition number="197" type="jump" coverage="0%" />
                <condition number="272" type="jump" coverage="0%" />
              </conditions>
            </line>
            <line number="140" hits="0" branch="True" condition-coverage="0% (0/2)">
              <conditions>
                <condition number="302" type="jump" coverage="0%" />
              </conditions>
            </line>
            <line number="141" hits="0" branch="False" />
            <line number="142" hits="0" branch="True" condition-coverage="0% (0/10)">
              <conditions>
                <condition number="313" type="jump" coverage="0%" />
                <condition number="373" type="jump" coverage="0%" />
                <condition number="449" type="jump" coverage="0%" />
                <condition number="459" type="jump" coverage="0%" />
                <condition number="534" type="jump" coverage="0%" />
              </conditions>
            </line>
            <line number="143" hits="0" branch="False" />
            <line number="144" hits="0" branch="False" />
            <line number="148" hits="0" branch="True" condition-coverage="0% (0/2)">
              <conditions>
                <condition number="606" type="jump" coverage="0%" />
              </conditions>
            </line>
            <line number="149" hits="0" branch="False" />
            <line number="150" hits="0" branch="False" />
            <line number="151" hits="0" branch="False" />
            <line number="155" hits="0" branch="True" condition-coverage="0% (0/8)">
              <conditions>
                <condition number="658" type="jump" coverage="0%" />
                <condition number="734" type="jump" coverage="0%" />
                <condition number="744" type="jump" coverage="0%" />
                <condition number="819" type="jump" coverage="0%" />
              </conditions>
            </line>
            <line number="156" hits="0" branch="True" condition-coverage="0% (0/8)">
              <conditions>
                <condition number="834" type="jump" coverage="0%" />
                <condition number="912" type="jump" coverage="0%" />
                <condition number="988" type="jump" coverage="0%" />
                <condition number="998" type="jump" coverage="0%" />
              </conditions>
            </line>
            <line number="157" hits="0" branch="True" condition-coverage="0% (0/12)">
              <conditions>
                <condition number="1089" type="jump" coverage="0%" />
                <condition number="1157" type="jump" coverage="0%" />
                <condition number="1261" type="jump" coverage="0%" />
                <condition number="1337" type="jump" coverage="0%" />
                <condition number="1347" type="jump" coverage="0%" />
                <condition number="1433" type="jump" coverage="0%" />
              </conditions>
            </line>
            <line number="158" hits="0" branch="True" condition-coverage="0% (0/6)">
              <conditions>
                <condition number="1455" type="jump" coverage="0%" />
                <condition number="1531" type="jump" coverage="0%" />
                <condition number="1541" type="jump" coverage="0%" />
              </conditions>
            </line>
            <line number="160" hits="0" branch="True" condition-coverage="0% (0/8)">
              <conditions>
                <condition number="1658" type="jump" coverage="0%" />
                <condition number="1733" type="jump" coverage="0%" />
                <condition number="1808" type="jump" coverage="0%" />
                <condition number="1883" type="jump" coverage="0%" />
              </conditions>
            </line>
            <line number="161" hits="0" branch="False" />
            <line number="162" hits="0" branch="False" />
            <line number="163" hits="0" branch="False" />
            <line number="164" hits="0" branch="False" />
            <line number="165" hits="0" branch="False" />
            <line number="166" hits="0" branch="False" />
            <line number="167" hits="0" branch="False" />
            <line number="168" hits="0" branch="False" />
            <line number="169" hits="0" branch="False" />
            <line number="170" hits="0" branch="False" />
            <line number="172" hits="0" branch="False" />
            <line number="173" hits="0" branch="False" />
            <line number="174" hits="0" branch="False" />
            <line number="175" hits="0" branch="False" />
            <line number="177" hits="0" branch="False" />
            <line number="55" hits="0" branch="False" />
            <line number="56" hits="0" branch="False" />
            <line number="57" hits="0" branch="False" />
            <line number="58" hits="0" branch="False" />
            <line number="59" hits="0" branch="False" />
            <line number="60" hits="0" branch="False" />
            <line number="61" hits="0" branch="False" />
          </lines>
        </class>
        <class name="SayP.Application.Services.AICommandRouter/&lt;RouteMessageAsync&gt;d__4" filename="SayP.Application\Services\AICommandRouter.cs" line-rate="0" branch-rate="0" complexity="4">
          <methods>
            <method name="MoveNext" signature="()" line-rate="0" branch-rate="0" complexity="4">
              <lines>
                <line number="70" hits="0" branch="False" />
                <line number="72" hits="0" branch="False" />
                <line number="73" hits="0" branch="False" />
                <line number="76" hits="0" branch="False" />
                <line number="79" hits="0" branch="False" />
                <line number="80" hits="0" branch="False" />
                <line number="81" hits="0" branch="False" />
                <line number="82" hits="0" branch="False" />
                <line number="84" hits="0" branch="True" condition-coverage="0% (0/2)">
                  <conditions>
                    <condition number="249" type="jump" coverage="0%" />
                  </conditions>
                </line>
                <line number="85" hits="0" branch="False" />
                <line number="86" hits="0" branch="False" />
                <line number="87" hits="0" branch="True" condition-coverage="0% (0/2)">
                  <conditions>
                    <condition number="306" type="jump" coverage="0%" />
                  </conditions>
                </line>
                <line number="91" hits="0" branch="False" />
                <line number="93" hits="0" branch="False" />
                <line number="94" hits="0" branch="False" />
                <line number="96" hits="0" branch="False" />
                <line number="98" hits="0" branch="False" />
                <line number="99" hits="0" branch="False" />
                <line number="100" hits="0" branch="False" />
                <line number="101" hits="0" branch="False" />
                <line number="103" hits="0" branch="False" />
              </lines>
            </method>
          </methods>
          <lines>
            <line number="70" hits="0" branch="False" />
            <line number="72" hits="0" branch="False" />
            <line number="73" hits="0" branch="False" />
            <line number="76" hits="0" branch="False" />
            <line number="79" hits="0" branch="False" />
            <line number="80" hits="0" branch="False" />
            <line number="81" hits="0" branch="False" />
            <line number="82" hits="0" branch="False" />
            <line number="84" hits="0" branch="True" condition-coverage="0% (0/2)">
              <conditions>
                <condition number="249" type="jump" coverage="0%" />
              </conditions>
            </line>
            <line number="85" hits="0" branch="False" />
            <line number="86" hits="0" branch="False" />
            <line number="87" hits="0" branch="True" condition-coverage="0% (0/2)">
              <conditions>
                <condition number="306" type="jump" coverage="0%" />
              </conditions>
            </line>
            <line number="91" hits="0" branch="False" />
            <line number="93" hits="0" branch="False" />
            <line number="94" hits="0" branch="False" />
            <line number="96" hits="0" branch="False" />
            <line number="98" hits="0" branch="False" />
            <line number="99" hits="0" branch="False" />
            <line number="100" hits="0" branch="False" />
            <line number="101" hits="0" branch="False" />
            <line number="103" hits="0" branch="False" />
          </lines>
        </class>
        <class name="SayP.Application.Services.CommandRoutingResult" filename="SayP.Application\Services\AICommandRouter.cs" line-rate="0" branch-rate="1" complexity="12">
          <methods>
            <method name="get_Success" signature="()" line-rate="0" branch-rate="1" complexity="1">
              <lines>
                <line number="185" hits="0" branch="False" />
              </lines>
            </method>
            <method name="get_IsCommand" signature="()" line-rate="0" branch-rate="1" complexity="1">
              <lines>
                <line number="186" hits="0" branch="False" />
              </lines>
            </method>
            <method name="get_CommandType" signature="()" line-rate="0" branch-rate="1" complexity="1">
              <lines>
                <line number="187" hits="0" branch="False" />
              </lines>
            </method>
            <method name="get_Parameters" signature="()" line-rate="0" branch-rate="1" complexity="1">
              <lines>
                <line number="188" hits="0" branch="False" />
              </lines>
            </method>
            <method name="get_CommandJson" signature="()" line-rate="0" branch-rate="1" complexity="1">
              <lines>
                <line number="189" hits="0" branch="False" />
              </lines>
            </method>
            <method name="get_RequiresConfirmation" signature="()" line-rate="0" branch-rate="1" complexity="1">
              <lines>
                <line number="190" hits="0" branch="False" />
              </lines>
            </method>
            <method name="get_ConfirmationMessage" signature="()" line-rate="0" branch-rate="1" complexity="1">
              <lines>
                <line number="191" hits="0" branch="False" />
              </lines>
            </method>
            <method name="get_Confidence" signature="()" line-rate="0" branch-rate="1" complexity="1">
              <lines>
                <line number="192" hits="0" branch="False" />
              </lines>
            </method>
            <method name="get_NaturalResponse" signature="()" line-rate="0" branch-rate="1" complexity="1">
              <lines>
                <line number="193" hits="0" branch="False" />
              </lines>
            </method>
            <method name="get_ErrorMessage" signature="()" line-rate="0" branch-rate="1" complexity="1">
              <lines>
                <line number="194" hits="0" branch="False" />
              </lines>
            </method>
            <method name="NoCommand" signature="(System.String)" line-rate="0" branch-rate="1" complexity="1">
              <lines>
                <line number="197" hits="0" branch="False" />
                <line number="198" hits="0" branch="False" />
                <line number="199" hits="0" branch="False" />
                <line number="200" hits="0" branch="False" />
                <line number="201" hits="0" branch="False" />
                <line number="202" hits="0" branch="False" />
                <line number="203" hits="0" branch="False" />
                <line number="204" hits="0" branch="False" />
              </lines>
            </method>
            <method name="Failed" signature="(System.String)" line-rate="0" branch-rate="1" complexity="1">
              <lines>
                <line number="207" hits="0" branch="False" />
                <line number="208" hits="0" branch="False" />
                <line number="209" hits="0" branch="False" />
                <line number="210" hits="0" branch="False" />
                <line number="211" hits="0" branch="False" />
                <line number="212" hits="0" branch="False" />
                <line number="213" hits="0" branch="False" />
              </lines>
            </method>
          </methods>
          <lines>
            <line number="185" hits="0" branch="False" />
            <line number="186" hits="0" branch="False" />
            <line number="187" hits="0" branch="False" />
            <line number="188" hits="0" branch="False" />
            <line number="189" hits="0" branch="False" />
            <line number="190" hits="0" branch="False" />
            <line number="191" hits="0" branch="False" />
            <line number="192" hits="0" branch="False" />
            <line number="193" hits="0" branch="False" />
            <line number="194" hits="0" branch="False" />
            <line number="197" hits="0" branch="False" />
            <line number="198" hits="0" branch="False" />
            <line number="199" hits="0" branch="False" />
            <line number="200" hits="0" branch="False" />
            <line number="201" hits="0" branch="False" />
            <line number="202" hits="0" branch="False" />
            <line number="203" hits="0" branch="False" />
            <line number="204" hits="0" branch="False" />
            <line number="207" hits="0" branch="False" />
            <line number="208" hits="0" branch="False" />
            <line number="209" hits="0" branch="False" />
            <line number="210" hits="0" branch="False" />
            <line number="211" hits="0" branch="False" />
            <line number="212" hits="0" branch="False" />
            <line number="213" hits="0" branch="False" />
          </lines>
        </class>
        <class name="SayP.Application.Services.ConversationManager" filename="SayP.Application\Services\ConversationManager.cs" line-rate="0" branch-rate="1" complexity="1">
          <methods>
            <method name=".ctor" signature="(SayP.Domain.Interfaces.ISayPDbContext,SayP.Domain.Interfaces.IWhatsAppService,SayP.Application.Services.AICommandRouter,SayP.Domain.Interfaces.ICommandExecutor,SayP.Domain.Interfaces.IAIProvider,SayP.Application.Services.SlotFillingManager,Microsoft.Extensions.Logging.ILogger`1&lt;SayP.Application.Services.ConversationManager&gt;)" line-rate="0" branch-rate="1" complexity="1">
              <lines>
                <line number="22" hits="0" branch="False" />
                <line number="23" hits="0" branch="False" />
                <line number="24" hits="0" branch="False" />
                <line number="25" hits="0" branch="False" />
                <line number="26" hits="0" branch="False" />
                <line number="27" hits="0" branch="False" />
                <line number="28" hits="0" branch="False" />
                <line number="29" hits="0" branch="False" />
                <line number="30" hits="0" branch="False" />
                <line number="31" hits="0" branch="False" />
                <line number="32" hits="0" branch="False" />
                <line number="33" hits="0" branch="False" />
                <line number="34" hits="0" branch="False" />
                <line number="35" hits="0" branch="False" />
                <line number="36" hits="0" branch="False" />
                <line number="37" hits="0" branch="False" />
                <line number="38" hits="0" branch="False" />
              </lines>
            </method>
          </methods>
          <lines>
            <line number="22" hits="0" branch="False" />
            <line number="23" hits="0" branch="False" />
            <line number="24" hits="0" branch="False" />
            <line number="25" hits="0" branch="False" />
            <line number="26" hits="0" branch="False" />
            <line number="27" hits="0" branch="False" />
            <line number="28" hits="0" branch="False" />
            <line number="29" hits="0" branch="False" />
            <line number="30" hits="0" branch="False" />
            <line number="31" hits="0" branch="False" />
            <line number="32" hits="0" branch="False" />
            <line number="33" hits="0" branch="False" />
            <line number="34" hits="0" branch="False" />
            <line number="35" hits="0" branch="False" />
            <line number="36" hits="0" branch="False" />
            <line number="37" hits="0" branch="False" />
            <line number="38" hits="0" branch="False" />
          </lines>
        </class>
        <class name="SayP.Application.Services.ConversationManager/&lt;&gt;c" filename="SayP.Application\Services\ConversationManager.cs" line-rate="0" branch-rate="0" complexity="2">
          <methods>
            <method name="&lt;GetConversationContextAsync&gt;b__12_0" signature="(&lt;&gt;f__AnonymousType2`3&lt;SayP.Domain.Enums.MessageDirection,System.String,System.DateTime&gt;)" line-rate="0" branch-rate="0" complexity="2">
              <lines>
                <line number="480" hits="0" branch="True" condition-coverage="0% (0/2)">
                  <conditions>
                    <condition number="62" type="jump" coverage="0%" />
                  </conditions>
                </line>
              </lines>
            </method>
          </methods>
          <lines>
            <line number="480" hits="0" branch="True" condition-coverage="0% (0/2)">
              <conditions>
                <condition number="62" type="jump" coverage="0%" />
              </conditions>
            </line>
          </lines>
        </class>
        <class name="SayP.Application.Services.ConversationManager/&lt;AddMessageAsync&gt;d__11" filename="SayP.Application\Services\ConversationManager.cs" line-rate="0" branch-rate="0" complexity="2">
          <methods>
            <method name="MoveNext" signature="()" line-rate="0" branch-rate="0" complexity="2">
              <lines>
                <line number="427" hits="0" branch="False" />
                <line number="429" hits="0" branch="False" />
                <line number="430" hits="0" branch="False" />
                <line number="432" hits="0" branch="True" condition-coverage="0% (0/2)">
                  <conditions>
                    <condition number="310" type="jump" coverage="0%" />
                  </conditions>
                </line>
                <line number="433" hits="0" branch="False" />
                <line number="434" hits="0" branch="False" />
                <line number="435" hits="0" branch="False" />
                <line number="438" hits="0" branch="False" />
                <line number="439" hits="0" branch="False" />
                <line number="440" hits="0" branch="False" />
                <line number="441" hits="0" branch="False" />
                <line number="442" hits="0" branch="False" />
                <line number="443" hits="0" branch="False" />
                <line number="444" hits="0" branch="False" />
                <line number="445" hits="0" branch="False" />
                <line number="446" hits="0" branch="False" />
                <line number="447" hits="0" branch="False" />
                <line number="448" hits="0" branch="False" />
                <line number="449" hits="0" branch="False" />
                <line number="451" hits="0" branch="False" />
                <line number="452" hits="0" branch="False" />
                <line number="454" hits="0" branch="False" />
                <line number="455" hits="0" branch="False" />
                <line number="457" hits="0" branch="False" />
                <line number="458" hits="0" branch="False" />
              </lines>
            </method>
          </methods>
          <lines>
            <line number="427" hits="0" branch="False" />
            <line number="429" hits="0" branch="False" />
            <line number="430" hits="0" branch="False" />
            <line number="432" hits="0" branch="True" condition-coverage="0% (0/2)">
              <conditions>
                <condition number="310" type="jump" coverage="0%" />
              </conditions>
            </line>
            <line number="433" hits="0" branch="False" />
            <line number="434" hits="0" branch="False" />
            <line number="435" hits="0" branch="False" />
            <line number="438" hits="0" branch="False" />
            <line number="439" hits="0" branch="False" />
            <line number="440" hits="0" branch="False" />
            <line number="441" hits="0" branch="False" />
            <line number="442" hits="0" branch="False" />
            <line number="443" hits="0" branch="False" />
            <line number="444" hits="0" branch="False" />
            <line number="445" hits="0" branch="False" />
            <line number="446" hits="0" branch="False" />
            <line number="447" hits="0" branch="False" />
            <line number="448" hits="0" branch="False" />
            <line number="449" hits="0" branch="False" />
            <line number="451" hits="0" branch="False" />
            <line number="452" hits="0" branch="False" />
            <line number="454" hits="0" branch="False" />
            <line number="455" hits="0" branch="False" />
            <line number="457" hits="0" branch="False" />
            <line number="458" hits="0" branch="False" />
          </lines>
        </class>
        <class name="SayP.Application.Services.ConversationManager/&lt;BuildConversationContextAsync&gt;d__15" filename="SayP.Application\Services\ConversationManager.cs" line-rate="0" branch-rate="0" complexity="8">
          <methods>
            <method name="MoveNext" signature="()" line-rate="0" branch-rate="0" complexity="8">
              <lines>
                <line number="636" hits="0" branch="False" />
                <line number="638" hits="0" branch="False" />
                <line number="639" hits="0" branch="False" />
                <line number="640" hits="0" branch="False" />
                <line number="641" hits="0" branch="False" />
                <line number="642" hits="0" branch="False" />
                <line number="643" hits="0" branch="False" />
                <line number="645" hits="0" branch="True" condition-coverage="0% (0/2)">
                  <conditions>
                    <condition number="455" type="jump" coverage="0%" />
                  </conditions>
                </line>
                <line number="646" hits="0" branch="False" />
                <line number="648" hits="0" branch="False" />
                <line number="650" hits="0" branch="True" condition-coverage="0% (0/2)">
                  <conditions>
                    <condition number="680" type="jump" coverage="0%" />
                  </conditions>
                </line>
                <line number="651" hits="0" branch="False" />
                <line number="652" hits="0" branch="True" condition-coverage="0% (0/2)">
                  <conditions>
                    <condition number="532" type="jump" coverage="0%" />
                  </conditions>
                </line>
                <line number="653" hits="0" branch="True" condition-coverage="0% (0/2)">
                  <conditions>
                    <condition number="564" type="jump" coverage="0%" />
                  </conditions>
                </line>
                <line number="654" hits="0" branch="False" />
                <line number="655" hits="0" branch="False" />
                <line number="657" hits="0" branch="False" />
                <line number="658" hits="0" branch="False" />
              </lines>
            </method>
          </methods>
          <lines>
            <line number="636" hits="0" branch="False" />
            <line number="638" hits="0" branch="False" />
            <line number="639" hits="0" branch="False" />
            <line number="640" hits="0" branch="False" />
            <line number="641" hits="0" branch="False" />
            <line number="642" hits="0" branch="False" />
            <line number="643" hits="0" branch="False" />
            <line number="645" hits="0" branch="True" condition-coverage="0% (0/2)">
              <conditions>
                <condition number="455" type="jump" coverage="0%" />
              </conditions>
            </line>
            <line number="646" hits="0" branch="False" />
            <line number="648" hits="0" branch="False" />
            <line number="650" hits="0" branch="True" condition-coverage="0% (0/2)">
              <conditions>
                <condition number="680" type="jump" coverage="0%" />
              </conditions>
            </line>
            <line number="651" hits="0" branch="False" />
            <line number="652" hits="0" branch="True" condition-coverage="0% (0/2)">
              <conditions>
                <condition number="532" type="jump" coverage="0%" />
              </conditions>
            </line>
            <line number="653" hits="0" branch="True" condition-coverage="0% (0/2)">
              <conditions>
                <condition number="564" type="jump" coverage="0%" />
              </conditions>
            </line>
            <line number="654" hits="0" branch="False" />
            <line number="655" hits="0" branch="False" />
            <line number="657" hits="0" branch="False" />
            <line number="658" hits="0" branch="False" />
          </lines>
        </class>
        <class name="SayP.Application.Services.ConversationManager/&lt;GetConversationContextAsync&gt;d__12" filename="SayP.Application\Services\ConversationManager.cs" line-rate="0" branch-rate="0" complexity="2">
          <methods>
            <method name="MoveNext" signature="()" line-rate="0" branch-rate="0" complexity="2">
              <lines>
                <line number="467" hits="0" branch="False" />
                <line number="468" hits="0" branch="False" />
                <line number="469" hits="0" branch="False" />
                <line number="470" hits="0" branch="False" />
                <line number="471" hits="0" branch="False" />
                <line number="472" hits="0" branch="False" />
                <line number="473" hits="0" branch="False" />
                <line number="474" hits="0" branch="False" />
                <line number="476" hits="0" branch="True" condition-coverage="0% (0/2)">
                  <conditions>
                    <condition number="679" type="jump" coverage="0%" />
                  </conditions>
                </line>
                <line number="477" hits="0" branch="False" />
                <line number="479" hits="0" branch="False" />
                <line number="482" hits="0" branch="False" />
                <line number="483" hits="0" branch="False" />
              </lines>
            </method>
          </methods>
          <lines>
            <line number="467" hits="0" branch="False" />
            <line number="468" hits="0" branch="False" />
            <line number="469" hits="0" branch="False" />
            <line number="470" hits="0" branch="False" />
            <line number="471" hits="0" branch="False" />
            <line number="472" hits="0" branch="False" />
            <line number="473" hits="0" branch="False" />
            <line number="474" hits="0" branch="False" />
            <line number="476" hits="0" branch="True" condition-coverage="0% (0/2)">
              <conditions>
                <condition number="679" type="jump" coverage="0%" />
              </conditions>
            </line>
            <line number="477" hits="0" branch="False" />
            <line number="479" hits="0" branch="False" />
            <line number="482" hits="0" branch="False" />
            <line number="483" hits="0" branch="False" />
          </lines>
        </class>
        <class name="SayP.Application.Services.ConversationManager/&lt;GetOrCreateConversationAsync&gt;d__9" filename="SayP.Application\Services\ConversationManager.cs" line-rate="0" branch-rate="0" complexity="6">
          <methods>
            <method name="MoveNext" signature="()" line-rate="0" branch-rate="0" complexity="6">
              <lines>
                <line number="341" hits="0" branch="False" />
                <line number="343" hits="0" branch="False" />
                <line number="344" hits="0" branch="False" />
                <line number="345" hits="0" branch="False" />
                <line number="346" hits="0" branch="False" />
                <line number="347" hits="0" branch="False" />
                <line number="348" hits="0" branch="False" />
                <line number="349" hits="0" branch="False" />
                <line number="350" hits="0" branch="False" />
                <line number="352" hits="0" branch="True" condition-coverage="0% (0/2)">
                  <conditions>
                    <condition number="910" type="jump" coverage="0%" />
                  </conditions>
                </line>
                <line number="353" hits="0" branch="False" />
                <line number="355" hits="0" branch="True" condition-coverage="0% (0/2)">
                  <conditions>
                    <condition number="934" type="jump" coverage="0%" />
                  </conditions>
                </line>
                <line number="356" hits="0" branch="False" />
                <line number="357" hits="0" branch="False" />
                <line number="360" hits="0" branch="False" />
                <line number="361" hits="0" branch="False" />
                <line number="364" hits="0" branch="False" />
                <line number="365" hits="0" branch="False" />
                <line number="366" hits="0" branch="False" />
                <line number="369" hits="0" branch="True" condition-coverage="0% (0/2)">
                  <conditions>
                    <condition number="1138" type="jump" coverage="0%" />
                  </conditions>
                </line>
                <line number="370" hits="0" branch="False" />
                <line number="371" hits="0" branch="False" />
                <line number="373" hits="0" branch="False" />
                <line number="374" hits="0" branch="False" />
                <line number="375" hits="0" branch="False" />
                <line number="376" hits="0" branch="False" />
                <line number="377" hits="0" branch="False" />
                <line number="378" hits="0" branch="False" />
                <line number="379" hits="0" branch="False" />
                <line number="380" hits="0" branch="False" />
                <line number="381" hits="0" branch="False" />
                <line number="383" hits="0" branch="False" />
                <line number="384" hits="0" branch="False" />
                <line number="385" hits="0" branch="False" />
                <line number="387" hits="0" branch="False" />
                <line number="388" hits="0" branch="False" />
              </lines>
            </method>
          </methods>
          <lines>
            <line number="341" hits="0" branch="False" />
            <line number="343" hits="0" branch="False" />
            <line number="344" hits="0" branch="False" />
            <line number="345" hits="0" branch="False" />
            <line number="346" hits="0" branch="False" />
            <line number="347" hits="0" branch="False" />
            <line number="348" hits="0" branch="False" />
            <line number="349" hits="0" branch="False" />
            <line number="350" hits="0" branch="False" />
            <line number="352" hits="0" branch="True" condition-coverage="0% (0/2)">
              <conditions>
                <condition number="910" type="jump" coverage="0%" />
              </conditions>
            </line>
            <line number="353" hits="0" branch="False" />
            <line number="355" hits="0" branch="True" condition-coverage="0% (0/2)">
              <conditions>
                <condition number="934" type="jump" coverage="0%" />
              </conditions>
            </line>
            <line number="356" hits="0" branch="False" />
            <line number="357" hits="0" branch="False" />
            <line number="360" hits="0" branch="False" />
            <line number="361" hits="0" branch="False" />
            <line number="364" hits="0" branch="False" />
            <line number="365" hits="0" branch="False" />
            <line number="366" hits="0" branch="False" />
            <line number="369" hits="0" branch="True" condition-coverage="0% (0/2)">
              <conditions>
                <condition number="1138" type="jump" coverage="0%" />
              </conditions>
            </line>
            <line number="370" hits="0" branch="False" />
            <line number="371" hits="0" branch="False" />
            <line number="373" hits="0" branch="False" />
            <line number="374" hits="0" branch="False" />
            <line number="375" hits="0" branch="False" />
            <line number="376" hits="0" branch="False" />
            <line number="377" hits="0" branch="False" />
            <line number="378" hits="0" branch="False" />
            <line number="379" hits="0" branch="False" />
            <line number="380" hits="0" branch="False" />
            <line number="381" hits="0" branch="False" />
            <line number="383" hits="0" branch="False" />
            <line number="384" hits="0" branch="False" />
            <line number="385" hits="0" branch="False" />
            <line number="387" hits="0" branch="False" />
            <line number="388" hits="0" branch="False" />
          </lines>
        </class>
        <class name="SayP.Application.Services.ConversationManager/&lt;HandleButtonReplyAsync&gt;d__14" filename="SayP.Application\Services\ConversationManager.cs" line-rate="0" branch-rate="0" complexity="20">
          <methods>
            <method name="MoveNext" signature="()" line-rate="0" branch-rate="0" complexity="20">
              <lines>
                <line number="528" hits="0" branch="False" />
                <line number="530" hits="0" branch="False" />
                <line number="531" hits="0" branch="False" />
                <line number="534" hits="0" branch="False" />
                <line number="535" hits="0" branch="True" condition-coverage="0% (0/4)">
                  <conditions>
                    <condition number="249" type="jump" coverage="0%" />
                    <condition number="283" type="jump" coverage="0%" />
                  </conditions>
                </line>
                <line number="536" hits="0" branch="False" />
                <line number="537" hits="0" branch="False" />
                <line number="538" hits="0" branch="False" />
                <line number="539" hits="0" branch="False" />
                <line number="542" hits="0" branch="False" />
                <line number="545" hits="0" branch="False" />
                <line number="546" hits="0" branch="False" />
                <line number="547" hits="0" branch="False" />
                <line number="549" hits="0" branch="True" condition-coverage="0% (0/2)">
                  <conditions>
                    <condition number="812" type="jump" coverage="0%" />
                  </conditions>
                </line>
                <line number="550" hits="0" branch="False" />
                <line number="551" hits="0" branch="False" />
                <line number="552" hits="0" branch="False" />
                <line number="553" hits="0" branch="False" />
                <line number="557" hits="0" branch="True" condition-coverage="0% (0/4)">
                  <conditions>
                    <condition number="1011" type="jump" coverage="0%" />
                    <condition number="1034" type="jump" coverage="0%" />
                  </conditions>
                </line>
                <line number="558" hits="0" branch="False" />
                <line number="559" hits="0" branch="False" />
                <line number="560" hits="0" branch="False" />
                <line number="561" hits="0" branch="False" />
                <line number="565" hits="0" branch="True" condition-coverage="0% (0/2)">
                  <conditions>
                    <condition number="1267" type="jump" coverage="0%" />
                  </conditions>
                </line>
                <line number="566" hits="0" branch="False" />
                <line number="567" hits="0" branch="False" />
                <line number="568" hits="0" branch="False" />
                <line number="569" hits="0" branch="False" />
                <line number="571" hits="0" branch="False" />
                <line number="572" hits="0" branch="False" />
                <line number="573" hits="0" branch="False" />
                <line number="576" hits="0" branch="True" condition-coverage="0% (0/2)">
                  <conditions>
                    <condition number="1574" type="jump" coverage="0%" />
                  </conditions>
                </line>
                <line number="577" hits="0" branch="False" />
                <line number="579" hits="0" branch="False" />
                <line number="580" hits="0" branch="False" />
                <line number="581" hits="0" branch="False" />
                <line number="583" hits="0" branch="False" />
                <line number="586" hits="0" branch="False" />
                <line number="587" hits="0" branch="False" />
                <line number="588" hits="0" branch="False" />
                <line number="589" hits="0" branch="False" />
                <line number="590" hits="0" branch="False" />
                <line number="591" hits="0" branch="False" />
                <line number="592" hits="0" branch="False" />
                <line number="595" hits="0" branch="True" condition-coverage="0% (0/2)">
                  <conditions>
                    <condition number="2063" type="jump" coverage="0%" />
                  </conditions>
                </line>
                <line number="596" hits="0" branch="False" />
                <line number="597" hits="0" branch="False" />
                <line number="598" hits="0" branch="False" />
                <line number="599" hits="0" branch="False" />
                <line number="600" hits="0" branch="False" />
                <line number="603" hits="0" branch="True" condition-coverage="0% (0/2)">
                  <conditions>
                    <condition number="2295" type="jump" coverage="0%" />
                  </conditions>
                </line>
                <line number="604" hits="0" branch="False" />
                <line number="605" hits="0" branch="False" />
                <line number="607" hits="0" branch="False" />
                <line number="609" hits="0" branch="False" />
                <line number="610" hits="0" branch="False" />
                <line number="611" hits="0" branch="True" condition-coverage="0% (0/2)">
                  <conditions>
                    <condition number="2566" type="jump" coverage="0%" />
                  </conditions>
                </line>
                <line number="612" hits="0" branch="False" />
                <line number="614" hits="0" branch="False" />
                <line number="615" hits="0" branch="False" />
                <line number="616" hits="0" branch="False" />
                <line number="618" hits="0" branch="False" />
                <line number="620" hits="0" branch="False" />
                <line number="621" hits="0" branch="False" />
                <line number="622" hits="0" branch="False" />
                <line number="623" hits="0" branch="False" />
                <line number="624" hits="0" branch="False" />
                <line number="625" hits="0" branch="False" />
                <line number="626" hits="0" branch="False" />
                <line number="627" hits="0" branch="False" />
                <line number="628" hits="0" branch="False" />
              </lines>
            </method>
          </methods>
          <lines>
            <line number="528" hits="0" branch="False" />
            <line number="530" hits="0" branch="False" />
            <line number="531" hits="0" branch="False" />
            <line number="534" hits="0" branch="False" />
            <line number="535" hits="0" branch="True" condition-coverage="0% (0/4)">
              <conditions>
                <condition number="249" type="jump" coverage="0%" />
                <condition number="283" type="jump" coverage="0%" />
              </conditions>
            </line>
            <line number="536" hits="0" branch="False" />
            <line number="537" hits="0" branch="False" />
            <line number="538" hits="0" branch="False" />
            <line number="539" hits="0" branch="False" />
            <line number="542" hits="0" branch="False" />
            <line number="545" hits="0" branch="False" />
            <line number="546" hits="0" branch="False" />
            <line number="547" hits="0" branch="False" />
            <line number="549" hits="0" branch="True" condition-coverage="0% (0/2)">
              <conditions>
                <condition number="812" type="jump" coverage="0%" />
              </conditions>
            </line>
            <line number="550" hits="0" branch="False" />
            <line number="551" hits="0" branch="False" />
            <line number="552" hits="0" branch="False" />
            <line number="553" hits="0" branch="False" />
            <line number="557" hits="0" branch="True" condition-coverage="0% (0/4)">
              <conditions>
                <condition number="1011" type="jump" coverage="0%" />
                <condition number="1034" type="jump" coverage="0%" />
              </conditions>
            </line>
            <line number="558" hits="0" branch="False" />
            <line number="559" hits="0" branch="False" />
            <line number="560" hits="0" branch="False" />
            <line number="561" hits="0" branch="False" />
            <line number="565" hits="0" branch="True" condition-coverage="0% (0/2)">
              <conditions>
                <condition number="1267" type="jump" coverage="0%" />
              </conditions>
            </line>
            <line number="566" hits="0" branch="False" />
            <line number="567" hits="0" branch="False" />
            <line number="568" hits="0" branch="False" />
            <line number="569" hits="0" branch="False" />
            <line number="571" hits="0" branch="False" />
            <line number="572" hits="0" branch="False" />
            <line number="573" hits="0" branch="False" />
            <line number="576" hits="0" branch="True" condition-coverage="0% (0/2)">
              <conditions>
                <condition number="1574" type="jump" coverage="0%" />
              </conditions>
            </line>
            <line number="577" hits="0" branch="False" />
            <line number="579" hits="0" branch="False" />
            <line number="580" hits="0" branch="False" />
            <line number="581" hits="0" branch="False" />
            <line number="583" hits="0" branch="False" />
            <line number="586" hits="0" branch="False" />
            <line number="587" hits="0" branch="False" />
            <line number="588" hits="0" branch="False" />
            <line number="589" hits="0" branch="False" />
            <line number="590" hits="0" branch="False" />
            <line number="591" hits="0" branch="False" />
            <line number="592" hits="0" branch="False" />
            <line number="595" hits="0" branch="True" condition-coverage="0% (0/2)">
              <conditions>
                <condition number="2063" type="jump" coverage="0%" />
              </conditions>
            </line>
            <line number="596" hits="0" branch="False" />
            <line number="597" hits="0" branch="False" />
            <line number="598" hits="0" branch="False" />
            <line number="599" hits="0" branch="False" />
            <line number="600" hits="0" branch="False" />
            <line number="603" hits="0" branch="True" condition-coverage="0% (0/2)">
              <conditions>
                <condition number="2295" type="jump" coverage="0%" />
              </conditions>
            </line>
            <line number="604" hits="0" branch="False" />
            <line number="605" hits="0" branch="False" />
            <line number="607" hits="0" branch="False" />
            <line number="609" hits="0" branch="False" />
            <line number="610" hits="0" branch="False" />
            <line number="611" hits="0" branch="True" condition-coverage="0% (0/2)">
              <conditions>
                <condition number="2566" type="jump" coverage="0%" />
              </conditions>
            </line>
            <line number="612" hits="0" branch="False" />
            <line number="614" hits="0" branch="False" />
            <line number="615" hits="0" branch="False" />
            <line number="616" hits="0" branch="False" />
            <line number="618" hits="0" branch="False" />
            <line number="620" hits="0" branch="False" />
            <line number="621" hits="0" branch="False" />
            <line number="622" hits="0" branch="False" />
            <line number="623" hits="0" branch="False" />
            <line number="624" hits="0" branch="False" />
            <line number="625" hits="0" branch="False" />
            <line number="626" hits="0" branch="False" />
            <line number="627" hits="0" branch="False" />
            <line number="628" hits="0" branch="False" />
          </lines>
        </class>
        <class name="SayP.Application.Services.ConversationManager/&lt;ProcessIncomingMessageAsync&gt;d__8" filename="SayP.Application\Services\ConversationManager.cs" line-rate="0" branch-rate="0" complexity="116">
          <methods>
            <method name="MoveNext" signature="()" line-rate="0" branch-rate="0" complexity="116">
              <lines>
                <line number="53" hits="0" branch="False" />
                <line number="55" hits="0" branch="False" />
                <line number="56" hits="0" branch="False" />
                <line number="59" hits="0" branch="False" />
                <line number="60" hits="0" branch="False" />
                <line number="63" hits="0" branch="False" />
                <line number="65" hits="0" branch="True" condition-coverage="0% (0/2)">
                  <conditions>
                    <condition number="644" type="jump" coverage="0%" />
                  </conditions>
                </line>
                <line number="66" hits="0" branch="False" />
                <line number="68" hits="0" branch="False" />
                <line number="69" hits="0" branch="False" />
                <line number="70" hits="0" branch="False" />
                <line number="72" hits="0" branch="False" />
                <line number="73" hits="0" branch="False" />
                <line number="74" hits="0" branch="False" />
                <line number="75" hits="0" branch="False" />
                <line number="78" hits="0" branch="False" />
                <line number="81" hits="0" branch="True" condition-coverage="0% (0/6)">
                  <conditions>
                    <condition number="933" type="jump" coverage="0%" />
                    <condition number="943" type="jump" coverage="0%" />
                    <condition number="973" type="jump" coverage="0%" />
                  </conditions>
                </line>
                <line number="82" hits="0" branch="False" />
                <line number="83" hits="0" branch="False" />
                <line number="84" hits="0" branch="False" />
                <line number="85" hits="0" branch="False" />
                <line number="86" hits="0" branch="False" />
                <line number="87" hits="0" branch="False" />
                <line number="88" hits="0" branch="False" />
                <line number="89" hits="0" branch="False" />
                <line number="90" hits="0" branch="False" />
                <line number="93" hits="0" branch="False" />
                <line number="98" hits="0" branch="True" condition-coverage="0% (0/4)">
                  <conditions>
                    <condition number="1214" type="jump" coverage="0%" />
                    <condition number="1237" type="jump" coverage="0%" />
                  </conditions>
                </line>
                <line number="99" hits="0" branch="False" />
                <line number="101" hits="0" branch="False" />
                <line number="102" hits="0" branch="False" />
                <line number="104" hits="0" branch="True" condition-coverage="0% (0/4)">
                  <conditions>
                    <condition number="1426" type="jump" coverage="0%" />
                    <condition number="1449" type="jump" coverage="0%" />
                  </conditions>
                </line>
                <line number="105" hits="0" branch="False" />
                <line number="106" hits="0" branch="False" />
                <line number="107" hits="0" branch="False" />
                <line number="110" hits="0" branch="True" condition-coverage="0% (0/2)">
                  <conditions>
                    <condition number="1629" type="jump" coverage="0%" />
                  </conditions>
                </line>
                <line number="111" hits="0" branch="False" />
                <line number="112" hits="0" branch="False" />
                <line number="113" hits="0" branch="False" />
                <line number="114" hits="0" branch="False" />
                <line number="115" hits="0" branch="False" />
                <line number="116" hits="0" branch="True" condition-coverage="0% (0/4)">
                  <conditions>
                    <condition number="1791" type="jump" coverage="0%" />
                    <condition number="1814" type="jump" coverage="0%" />
                  </conditions>
                </line>
                <line number="117" hits="0" branch="False" />
                <line number="119" hits="0" branch="False" />
                <line number="120" hits="0" branch="False" />
                <line number="122" hits="0" branch="True" condition-coverage="0% (0/4)">
                  <conditions>
                    <condition number="2003" type="jump" coverage="0%" />
                    <condition number="2026" type="jump" coverage="0%" />
                  </conditions>
                </line>
                <line number="123" hits="0" branch="False" />
                <line number="124" hits="0" branch="False" />
                <line number="125" hits="0" branch="False" />
                <line number="128" hits="0" branch="True" condition-coverage="0% (0/2)">
                  <conditions>
                    <condition number="2206" type="jump" coverage="0%" />
                  </conditions>
                </line>
                <line number="129" hits="0" branch="False" />
                <line number="130" hits="0" branch="False" />
                <line number="131" hits="0" branch="False" />
                <line number="132" hits="0" branch="False" />
                <line number="133" hits="0" branch="False" />
                <line number="134" hits="0" branch="True" condition-coverage="0% (0/2)">
                  <conditions>
                    <condition number="2375" type="jump" coverage="0%" />
                  </conditions>
                </line>
                <line number="135" hits="0" branch="False" />
                <line number="137" hits="0" branch="False" />
                <line number="140" hits="0" branch="False" />
                <line number="141" hits="0" branch="False" />
                <line number="143" hits="0" branch="False" />
                <line number="144" hits="0" branch="False" />
                <line number="145" hits="0" branch="False" />
                <line number="149" hits="0" branch="True" condition-coverage="0% (0/2)">
                  <conditions>
                    <condition number="2852" type="jump" coverage="0%" />
                  </conditions>
                </line>
                <line number="150" hits="0" branch="False" />
                <line number="151" hits="0" branch="True" condition-coverage="0% (0/2)">
                  <conditions>
                    <condition number="2892" type="jump" coverage="0%" />
                  </conditions>
                </line>
                <line number="152" hits="0" branch="False" />
                <line number="153" hits="0" branch="False" />
                <line number="157" hits="0" branch="False" />
                <line number="158" hits="0" branch="False" />
                <line number="161" hits="0" branch="False" />
                <line number="162" hits="0" branch="True" condition-coverage="0% (0/2)">
                  <conditions>
                    <condition number="3053" type="jump" coverage="0%" />
                  </conditions>
                </line>
                <line number="163" hits="0" branch="True" condition-coverage="0% (0/10)">
                  <conditions>
                    <condition number="3077" type="jump" coverage="0%" />
                    <condition number="3137" type="jump" coverage="0%" />
                    <condition number="3218" type="jump" coverage="0%" />
                    <condition number="3228" type="jump" coverage="0%" />
                    <condition number="3303" type="jump" coverage="0%" />
                  </conditions>
                </line>
                <line number="164" hits="0" branch="False" />
                <line number="165" hits="0" branch="False" />
                <line number="166" hits="0" branch="False" />
                <line number="168" hits="0" branch="False" />
                <line number="169" hits="0" branch="True" condition-coverage="0% (0/2)">
                  <conditions>
                    <condition number="3423" type="jump" coverage="0%" />
                  </conditions>
                </line>
                <line number="170" hits="0" branch="False" />
                <line number="174" hits="0" branch="True" condition-coverage="0% (0/2)">
                  <conditions>
                    <condition number="3572" type="jump" coverage="0%" />
                  </conditions>
                </line>
                <line number="175" hits="0" branch="False" />
                <line number="176" hits="0" branch="True" condition-coverage="0% (0/10)">
                  <conditions>
                    <condition number="3584" type="jump" coverage="0%" />
                    <condition number="3644" type="jump" coverage="0%" />
                    <condition number="3725" type="jump" coverage="0%" />
                    <condition number="3735" type="jump" coverage="0%" />
                    <condition number="3810" type="jump" coverage="0%" />
                  </conditions>
                </line>
                <line number="177" hits="0" branch="False" />
                <line number="178" hits="0" branch="False" />
                <line number="182" hits="0" branch="True" condition-coverage="0% (0/2)">
                  <conditions>
                    <condition number="3994" type="jump" coverage="0%" />
                  </conditions>
                </line>
                <line number="183" hits="0" branch="False" />
                <line number="184" hits="0" branch="False" />
                <line number="185" hits="0" branch="False" />
                <line number="186" hits="0" branch="False" />
                <line number="187" hits="0" branch="False" />
                <line number="188" hits="0" branch="False" />
                <line number="192" hits="0" branch="False" />
                <line number="193" hits="0" branch="True" condition-coverage="0% (0/8)">
                  <conditions>
                    <condition number="4157" type="jump" coverage="0%" />
                    <condition number="4225" type="jump" coverage="0%" />
                    <condition number="4303" type="jump" coverage="0%" />
                    <condition number="4395" type="jump" coverage="0%" />
                  </conditions>
                </line>
                <line number="194" hits="0" branch="False" />
                <line number="195" hits="0" branch="True" condition-coverage="0% (0/6)">
                  <conditions>
                    <condition number="4408" type="jump" coverage="0%" />
                    <condition number="4468" type="jump" coverage="0%" />
                    <condition number="4864" type="jump" coverage="0%" />
                  </conditions>
                </line>
                <line number="196" hits="0" branch="False" />
                <line number="197" hits="0" branch="True" condition-coverage="0% (0/6)">
                  <conditions>
                    <condition number="4588" type="jump" coverage="0%" />
                    <condition number="4680" type="jump" coverage="0%" />
                    <condition number="4762" type="jump" coverage="0%" />
                  </conditions>
                </line>
                <line number="198" hits="0" branch="False" />
                <line number="199" hits="0" branch="False" />
                <line number="202" hits="0" branch="False" />
                <line number="205" hits="0" branch="True" condition-coverage="0% (0/4)">
                  <conditions>
                    <condition number="4955" type="jump" coverage="0%" />
                    <condition number="4983" type="jump" coverage="0%" />
                  </conditions>
                </line>
                <line number="206" hits="0" branch="False" />
                <line number="207" hits="0" branch="False" />
                <line number="208" hits="0" branch="False" />
                <line number="211" hits="0" branch="False" />
                <line number="212" hits="0" branch="False" />
                <line number="213" hits="0" branch="False" />
                <line number="214" hits="0" branch="False" />
                <line number="215" hits="0" branch="False" />
                <line number="216" hits="0" branch="False" />
                <line number="217" hits="0" branch="False" />
                <line number="220" hits="0" branch="False" />
                <line number="221" hits="0" branch="False" />
                <line number="225" hits="0" branch="True" condition-coverage="0% (0/2)">
                  <conditions>
                    <condition number="5399" type="jump" coverage="0%" />
                  </conditions>
                </line>
                <line number="226" hits="0" branch="False" />
                <line number="227" hits="0" branch="False" />
                <line number="228" hits="0" branch="False" />
                <line number="229" hits="0" branch="False" />
                <line number="233" hits="0" branch="False" />
                <line number="234" hits="0" branch="False" />
                <line number="235" hits="0" branch="False" />
                <line number="236" hits="0" branch="False" />
                <line number="237" hits="0" branch="False" />
                <line number="238" hits="0" branch="False" />
                <line number="241" hits="0" branch="True" condition-coverage="0% (0/6)">
                  <conditions>
                    <condition number="5645" type="jump" coverage="0%" />
                    <condition number="5705" type="jump" coverage="0%" />
                    <condition number="5783" type="jump" coverage="0%" />
                  </conditions>
                </line>
                <line number="242" hits="0" branch="True" condition-coverage="0% (0/8)">
                  <conditions>
                    <condition number="5808" type="jump" coverage="0%" />
                    <condition number="5868" type="jump" coverage="0%" />
                    <condition number="5949" type="jump" coverage="0%" />
                    <condition number="5959" type="jump" coverage="0%" />
                  </conditions>
                </line>
                <line number="245" hits="0" branch="True" condition-coverage="0% (0/2)">
                  <conditions>
                    <condition number="6087" type="jump" coverage="0%" />
                  </conditions>
                </line>
                <line number="246" hits="0" branch="False" />
                <line number="247" hits="0" branch="False" />
                <line number="248" hits="0" branch="False" />
                <line number="249" hits="0" branch="False" />
                <line number="250" hits="0" branch="False" />
                <line number="251" hits="0" branch="False" />
                <line number="252" hits="0" branch="False" />
                <line number="253" hits="0" branch="False" />
                <line number="254" hits="0" branch="False" />
                <line number="256" hits="0" branch="False" />
                <line number="257" hits="0" branch="False" />
                <line number="260" hits="0" branch="False" />
                <line number="261" hits="0" branch="False" />
                <line number="264" hits="0" branch="True" condition-coverage="0% (0/2)">
                  <conditions>
                    <condition number="6447" type="jump" coverage="0%" />
                  </conditions>
                </line>
                <line number="265" hits="0" branch="False" />
                <line number="266" hits="0" branch="True" condition-coverage="0% (0/2)">
                  <conditions>
                    <condition number="6488" type="jump" coverage="0%" />
                  </conditions>
                </line>
                <line number="267" hits="0" branch="False" />
                <line number="268" hits="0" branch="False" />
                <line number="269" hits="0" branch="False" />
                <line number="270" hits="0" branch="False" />
                <line number="271" hits="0" branch="False" />
                <line number="272" hits="0" branch="False" />
                <line number="276" hits="0" branch="False" />
                <line number="277" hits="0" branch="False" />
                <line number="279" hits="0" branch="True" condition-coverage="0% (0/2)">
                  <conditions>
                    <condition number="6764" type="jump" coverage="0%" />
                  </conditions>
                </line>
                <line number="280" hits="0" branch="False" />
                <line number="281" hits="0" branch="False" />
                <line number="282" hits="0" branch="False" />
                <line number="283" hits="0" branch="False" />
                <line number="284" hits="0" branch="False" />
                <line number="287" hits="0" branch="True" condition-coverage="0% (0/2)">
                  <conditions>
                    <condition number="6934" type="jump" coverage="0%" />
                  </conditions>
                </line>
                <line number="288" hits="0" branch="False" />
                <line number="289" hits="0" branch="False" />
                <line number="290" hits="0" branch="False" />
                <line number="291" hits="0" branch="False" />
                <line number="294" hits="0" branch="True" condition-coverage="0% (0/2)">
                  <conditions>
                    <condition number="7143" type="jump" coverage="0%" />
                  </conditions>
                </line>
                <line number="295" hits="0" branch="False" />
                <line number="296" hits="0" branch="False" />
                <line number="298" hits="0" branch="False" />
                <line number="301" hits="0" branch="True" condition-coverage="0% (0/2)">
                  <conditions>
                    <condition number="7383" type="jump" coverage="0%" />
                  </conditions>
                </line>
                <line number="302" hits="0" branch="False" />
                <line number="303" hits="0" branch="False" />
                <line number="304" hits="0" branch="False" />
                <line number="305" hits="0" branch="False" />
                <line number="306" hits="0" branch="False" />
                <line number="307" hits="0" branch="False" />
                <line number="308" hits="0" branch="False" />
                <line number="309" hits="0" branch="False" />
                <line number="310" hits="0" branch="False" />
                <line number="312" hits="0" branch="False" />
                <line number="313" hits="0" branch="False" />
                <line number="314" hits="0" branch="False" />
                <line number="315" hits="0" branch="False" />
                <line number="316" hits="0" branch="False" />
                <line number="320" hits="0" branch="False" />
                <line number="321" hits="0" branch="False" />
                <line number="322" hits="0" branch="False" />
                <line number="323" hits="0" branch="False" />
                <line number="324" hits="0" branch="False" />
                <line number="325" hits="0" branch="False" />
                <line number="326" hits="0" branch="False" />
                <line number="327" hits="0" branch="False" />
                <line number="328" hits="0" branch="False" />
                <line number="329" hits="0" branch="False" />
                <line number="330" hits="0" branch="False" />
                <line number="331" hits="0" branch="False" />
              </lines>
            </method>
          </methods>
          <lines>
            <line number="53" hits="0" branch="False" />
            <line number="55" hits="0" branch="False" />
            <line number="56" hits="0" branch="False" />
            <line number="59" hits="0" branch="False" />
            <line number="60" hits="0" branch="False" />
            <line number="63" hits="0" branch="False" />
            <line number="65" hits="0" branch="True" condition-coverage="0% (0/2)">
              <conditions>
                <condition number="644" type="jump" coverage="0%" />
              </conditions>
            </line>
            <line number="66" hits="0" branch="False" />
            <line number="68" hits="0" branch="False" />
            <line number="69" hits="0" branch="False" />
            <line number="70" hits="0" branch="False" />
            <line number="72" hits="0" branch="False" />
            <line number="73" hits="0" branch="False" />
            <line number="74" hits="0" branch="False" />
            <line number="75" hits="0" branch="False" />
            <line number="78" hits="0" branch="False" />
            <line number="81" hits="0" branch="True" condition-coverage="0% (0/6)">
              <conditions>
                <condition number="933" type="jump" coverage="0%" />
                <condition number="943" type="jump" coverage="0%" />
                <condition number="973" type="jump" coverage="0%" />
              </conditions>
            </line>
            <line number="82" hits="0" branch="False" />
            <line number="83" hits="0" branch="False" />
            <line number="84" hits="0" branch="False" />
[...]
              </conditions>
            </line>
            <line number="186" hits="0" branch="False" />
            <line number="187" hits="0" branch="False" />
            <line number="188" hits="0" branch="False" />
            <line number="189" hits="0" branch="False" />
            <line number="190" hits="0" branch="False" />
            <line number="191" hits="0" branch="False" />
            <line number="192" hits="0" branch="False" />
            <line number="194" hits="0" branch="False" />
            <line number="195" hits="0" branch="False" />
          </lines>
        </class>
        <class name="SayP.Infrastructure.AI.OpenAIProvider/&lt;ExtractCommandFromMultimodalAsync&gt;d__11" filename="SayP.Infrastructure\AI\OpenAIProvider.cs" line-rate="0" branch-rate="0" complexity="26">
          <methods>
            <method name="MoveNext" signature="()" line-rate="0" branch-rate="0" complexity="26">
              <lines>
                <line number="261" hits="0" branch="False" />
                <line number="263" hits="0" branch="False" />
                <line number="264" hits="0" branch="False" />
                <line number="265" hits="0" branch="False" />
                <line number="266" hits="0" branch="False" />
                <line number="267" hits="0" branch="False" />
                <line number="268" hits="0" branch="False" />
                <line number="269" hits="0" branch="False" />
                <line number="270" hits="0" branch="False" />
                <line number="271" hits="0" branch="False" />
                <line number="274" hits="0" branch="False" />
                <line number="276" hits="0" branch="True" condition-coverage="0% (0/2)">
                  <conditions>
                    <condition number="340" type="jump" coverage="0%" />
                  </conditions>
                </line>
                <line number="277" hits="0" branch="False" />
                <line number="278" hits="0" branch="True" condition-coverage="0% (0/4)">
                  <conditions>
                    <condition number="141" type="jump" coverage="0%" />
                    <condition number="167" type="jump" coverage="0%" />
                  </conditions>
                </line>
                <line number="279" hits="0" branch="False" />
                <line number="280" hits="0" branch="False" />
                <line number="281" hits="0" branch="False" />
                <line number="282" hits="0" branch="False" />
                <line number="283" hits="0" branch="False" />
                <line number="284" hits="0" branch="False" />
                <line number="285" hits="0" branch="False" />
                <line number="286" hits="0" branch="True" condition-coverage="0% (0/4)">
                  <conditions>
                    <condition number="218" type="jump" coverage="0%" />
                    <condition number="239" type="jump" coverage="0%" />
                  </conditions>
                </line>
                <line number="287" hits="0" branch="False" />
                <line number="288" hits="0" branch="True" condition-coverage="0% (0/2)">
                  <conditions>
                    <condition number="270" type="jump" coverage="0%" />
                  </conditions>
                </line>
                <line number="289" hits="0" branch="False" />
                <line number="290" hits="0" branch="False" />
                <line number="291" hits="0" branch="False" />
                <line number="292" hits="0" branch="False" />
                <line number="293" hits="0" branch="False" />
                <line number="294" hits="0" branch="False" />
                <line number="295" hits="0" branch="False" />
                <line number="296" hits="0" branch="False" />
                <line number="297" hits="0" branch="False" />
                <line number="299" hits="0" branch="False" />
                <line number="300" hits="0" branch="False" />
                <line number="301" hits="0" branch="False" />
                <line number="302" hits="0" branch="False" />
                <line number="303" hits="0" branch="False" />
                <line number="305" hits="0" branch="False" />
                <line number="306" hits="0" branch="False" />
                <line number="307" hits="0" branch="False" />
                <line number="308" hits="0" branch="False" />
                <line number="309" hits="0" branch="False" />
                <line number="310" hits="0" branch="False" />
                <line number="311" hits="0" branch="False" />
                <line number="313" hits="0" branch="False" />
                <line number="314" hits="0" branch="False" />
                <line number="316" hits="0" branch="False" />
                <line number="317" hits="0" branch="False" />
                <line number="318" hits="0" branch="False" />
                <line number="319" hits="0" branch="False" />
                <line number="321" hits="0" branch="False" />
                <line number="323" hits="0" branch="False" />
                <line number="324" hits="0" branch="False" />
                <line number="326" hits="0" branch="True" condition-coverage="0% (0/2)">
                  <conditions>
                    <condition number="866" type="jump" coverage="0%" />
                  </conditions>
                </line>
                <line number="327" hits="0" branch="False" />
                <line number="328" hits="0" branch="False" />
                <line number="329" hits="0" branch="False" />
                <line number="330" hits="0" branch="False" />
                <line number="331" hits="0" branch="False" />
                <line number="332" hits="0" branch="False" />
                <line number="333" hits="0" branch="False" />
                <line number="336" hits="0" branch="False" />
                <line number="337" hits="0" branch="True" condition-coverage="0% (0/12)">
                  <conditions>
                    <condition number="1026" type="jump" coverage="0%" />
                    <condition number="1086" type="jump" coverage="0%" />
                    <condition number="1158" type="jump" coverage="0%" />
                    <condition number="1229" type="jump" coverage="0%" />
                    <condition number="1300" type="jump" coverage="0%" />
                    <condition number="1376" type="jump" coverage="0%" />
                  </conditions>
                </line>
                <line number="339" hits="0" branch="False" />
                <line number="342" hits="0" branch="False" />
                <line number="344" hits="0" branch="False" />
                <line number="345" hits="0" branch="False" />
                <line number="346" hits="0" branch="False" />
                <line number="347" hits="0" branch="False" />
                <line number="348" hits="0" branch="False" />
                <line number="349" hits="0" branch="False" />
                <line number="350" hits="0" branch="False" />
                <line number="351" hits="0" branch="False" />
                <line number="353" hits="0" branch="False" />
              </lines>
            </method>
          </methods>
          <lines>
            <line number="261" hits="0" branch="False" />
            <line number="263" hits="0" branch="False" />
            <line number="264" hits="0" branch="False" />
            <line number="265" hits="0" branch="False" />
            <line number="266" hits="0" branch="False" />
            <line number="267" hits="0" branch="False" />
            <line number="268" hits="0" branch="False" />
            <line number="269" hits="0" branch="False" />
            <line number="270" hits="0" branch="False" />
            <line number="271" hits="0" branch="False" />
            <line number="274" hits="0" branch="False" />
            <line number="276" hits="0" branch="True" condition-coverage="0% (0/2)">
              <conditions>
                <condition number="340" type="jump" coverage="0%" />
              </conditions>
            </line>
            <line number="277" hits="0" branch="False" />
            <line number="278" hits="0" branch="True" condition-coverage="0% (0/4)">
              <conditions>
                <condition number="141" type="jump" coverage="0%" />
                <condition number="167" type="jump" coverage="0%" />
              </conditions>
            </line>
            <line number="279" hits="0" branch="False" />
            <line number="280" hits="0" branch="False" />
            <line number="281" hits="0" branch="False" />
            <line number="282" hits="0" branch="False" />
            <line number="283" hits="0" branch="False" />
            <line number="284" hits="0" branch="False" />
            <line number="285" hits="0" branch="False" />
            <line number="286" hits="0" branch="True" condition-coverage="0% (0/4)">
              <conditions>
                <condition number="218" type="jump" coverage="0%" />
                <condition number="239" type="jump" coverage="0%" />
              </conditions>
            </line>
            <line number="287" hits="0" branch="False" />
            <line number="288" hits="0" branch="True" condition-coverage="0% (0/2)">
              <conditions>
                <condition number="270" type="jump" coverage="0%" />
              </conditions>
            </line>
            <line number="289" hits="0" branch="False" />
            <line number="290" hits="0" branch="False" />
            <line number="291" hits="0" branch="False" />
            <line number="292" hits="0" branch="False" />
            <line number="293" hits="0" branch="False" />
            <line number="294" hits="0" branch="False" />
            <line number="295" hits="0" branch="False" />
            <line number="296" hits="0" branch="False" />
            <line number="297" hits="0" branch="False" />
            <line number="299" hits="0" branch="False" />
            <line number="300" hits="0" branch="False" />
            <line number="301" hits="0" branch="False" />
            <line number="302" hits="0" branch="False" />
            <line number="303" hits="0" branch="False" />
            <line number="305" hits="0" branch="False" />
            <line number="306" hits="0" branch="False" />
            <line number="307" hits="0" branch="False" />
            <line number="308" hits="0" branch="False" />
            <line number="309" hits="0" branch="False" />
            <line number="310" hits="0" branch="False" />
            <line number="311" hits="0" branch="False" />
            <line number="313" hits="0" branch="False" />
            <line number="314" hits="0" branch="False" />
            <line number="316" hits="0" branch="False" />
            <line number="317" hits="0" branch="False" />
            <line number="318" hits="0" branch="False" />
            <line number="319" hits="0" branch="False" />
            <line number="321" hits="0" branch="False" />
            <line number="323" hits="0" branch="False" />
            <line number="324" hits="0" branch="False" />
            <line number="326" hits="0" branch="True" condition-coverage="0% (0/2)">
              <conditions>
                <condition number="866" type="jump" coverage="0%" />
              </conditions>
            </line>
            <line number="327" hits="0" branch="False" />
            <line number="328" hits="0" branch="False" />
            <line number="329" hits="0" branch="False" />
            <line number="330" hits="0" branch="False" />
            <line number="331" hits="0" branch="False" />
            <line number="332" hits="0" branch="False" />
            <line number="333" hits="0" branch="False" />
            <line number="336" hits="0" branch="False" />
            <line number="337" hits="0" branch="True" condition-coverage="0% (0/12)">
              <conditions>
                <condition number="1026" type="jump" coverage="0%" />
                <condition number="1086" type="jump" coverage="0%" />
                <condition number="1158" type="jump" coverage="0%" />
                <condition number="1229" type="jump" coverage="0%" />
                <condition number="1300" type="jump" coverage="0%" />
                <condition number="1376" type="jump" coverage="0%" />
              </conditions>
            </line>
            <line number="339" hits="0" branch="False" />
            <line number="342" hits="0" branch="False" />
            <line number="344" hits="0" branch="False" />
            <line number="345" hits="0" branch="False" />
            <line number="346" hits="0" branch="False" />
            <line number="347" hits="0" branch="False" />
            <line number="348" hits="0" branch="False" />
            <line number="349" hits="0" branch="False" />
            <line number="350" hits="0" branch="False" />
            <line number="351" hits="0" branch="False" />
            <line number="353" hits="0" branch="False" />
          </lines>
        </class>
        <class name="SayP.Infrastructure.AI.OpenAIProvider/&lt;GenerateResponseAsync&gt;d__8" filename="SayP.Infrastructure\AI\OpenAIProvider.cs" line-rate="0" branch-rate="0" complexity="16">
          <methods>
            <method name="MoveNext" signature="()" line-rate="0" branch-rate="0" complexity="16">
              <lines>
                <line number="118" hits="0" branch="False" />
                <line number="120" hits="0" branch="False" />
                <line number="121" hits="0" branch="False" />
                <line number="123" hits="0" branch="True" condition-coverage="0% (0/2)">
                  <conditions>
                    <condition number="66" type="jump" coverage="0%" />
                  </conditions>
                </line>
                <line number="124" hits="0" branch="False" />
                <line number="125" hits="0" branch="False" />
                <line number="126" hits="0" branch="False" />
                <line number="128" hits="0" branch="False" />
                <line number="130" hits="0" branch="False" />
                <line number="131" hits="0" branch="False" />
                <line number="132" hits="0" branch="False" />
                <line number="133" hits="0" branch="False" />
                <line number="134" hits="0" branch="False" />
                <line number="135" hits="0" branch="False" />
                <line number="136" hits="0" branch="False" />
                <line number="138" hits="0" branch="False" />
                <line number="139" hits="0" branch="False" />
                <line number="141" hits="0" branch="False" />
                <line number="142" hits="0" branch="False" />
                <line number="143" hits="0" branch="False" />
                <line number="144" hits="0" branch="False" />
                <line number="146" hits="0" branch="False" />
                <line number="148" hits="0" branch="True" condition-coverage="0% (0/2)">
                  <conditions>
                    <condition number="518" type="jump" coverage="0%" />
                  </conditions>
                </line>
                <line number="149" hits="0" branch="False" />
                <line number="150" hits="0" branch="False" />
                <line number="151" hits="0" branch="False" />
                <line number="154" hits="0" branch="False" />
                <line number="155" hits="0" branch="True" condition-coverage="0% (0/12)">
                  <conditions>
                    <condition number="611" type="jump" coverage="0%" />
                    <condition number="671" type="jump" coverage="0%" />
                    <condition number="743" type="jump" coverage="0%" />
                    <condition number="814" type="jump" coverage="0%" />
                    <condition number="885" type="jump" coverage="0%" />
                    <condition number="961" type="jump" coverage="0%" />
                  </conditions>
                </line>
                <line number="157" hits="0" branch="False" />
                <line number="159" hits="0" branch="False" />
                <line number="160" hits="0" branch="False" />
                <line number="161" hits="0" branch="False" />
                <line number="162" hits="0" branch="False" />
                <line number="164" hits="0" branch="False" />
              </lines>
            </method>
          </methods>
          <lines>
            <line number="118" hits="0" branch="False" />
            <line number="120" hits="0" branch="False" />
            <line number="121" hits="0" branch="False" />
            <line number="123" hits="0" branch="True" condition-coverage="0% (0/2)">
              <conditions>
                <condition number="66" type="jump" coverage="0%" />
              </conditions>
            </line>
            <line number="124" hits="0" branch="False" />
            <line number="125" hits="0" branch="False" />
            <line number="126" hits="0" branch="False" />
            <line number="128" hits="0" branch="False" />
            <line number="130" hits="0" branch="False" />
            <line number="131" hits="0" branch="False" />
            <line number="132" hits="0" branch="False" />
            <line number="133" hits="0" branch="False" />
            <line number="134" hits="0" branch="False" />
            <line number="135" hits="0" branch="False" />
            <line number="136" hits="0" branch="False" />
            <line number="138" hits="0" branch="False" />
            <line number="139" hits="0" branch="False" />
            <line number="141" hits="0" branch="False" />
            <line number="142" hits="0" branch="False" />
            <line number="143" hits="0" branch="False" />
            <line number="144" hits="0" branch="False" />
            <line number="146" hits="0" branch="False" />
            <line number="148" hits="0" branch="True" condition-coverage="0% (0/2)">
              <conditions>
                <condition number="518" type="jump" coverage="0%" />
              </conditions>
            </line>
            <line number="149" hits="0" branch="False" />
            <line number="150" hits="0" branch="False" />
            <line number="151" hits="0" branch="False" />
            <line number="154" hits="0" branch="False" />
            <line number="155" hits="0" branch="True" condition-coverage="0% (0/12)">
              <conditions>
                <condition number="611" type="jump" coverage="0%" />
                <condition number="671" type="jump" coverage="0%" />
                <condition number="743" type="jump" coverage="0%" />
                <condition number="814" type="jump" coverage="0%" />
                <condition number="885" type="jump" coverage="0%" />
                <condition number="961" type="jump" coverage="0%" />
              </conditions>
            </line>
            <line number="157" hits="0" branch="False" />
            <line number="159" hits="0" branch="False" />
            <line number="160" hits="0" branch="False" />
            <line number="161" hits="0" branch="False" />
            <line number="162" hits="0" branch="False" />
            <line number="164" hits="0" branch="False" />
          </lines>
        </class>
      </classes>
    </package>
  </packages>
</coverage>